<?xml version="1.0" encoding="UTF-8"?>
<!-- Generated by org.testng.reporters.JUnitXMLReporter -->
<testsuite ignored="0" hostname="ADITYA" failures="1" tests="2" name="Test" time="23.444" errors="0" timestamp="2024-06-05T11:21:21 IST">
  <testcase classname="Listener.Createcontacttest" name="createcontact" time="0.038">
    <failure type="java.lang.AssertionError" message="null">
      <![CDATA[java.lang.AssertionError: null
at Listener.Createcontacttest.createcontact(Createcontacttest.java:18)
at java.base/java.util.ArrayList.forEach(ArrayList.java:1596)
... Removed 27 stack frames]]>
    </failure>
  </testcase> <!-- createcontact -->
  <testcase classname="Listener.Createcontacttest" name="createcontactwithpn" time="0.0"/>
</testsuite> <!-- Test -->
