<?xml version="1.0" encoding="UTF-8"?>
<testng-results ignored="0" total="1" passed="1" failed="0" skipped="0">
  <reporter-output>
    <line>
      <![CDATA[facebook_1299is displayed===pass]]>
    </line>
    <line>
      <![CDATA[facebook_1299is displayed in info===pass]]>
    </line>
  </reporter-output>
  <suite started-at="2024-06-05T11:22:19 IST" name="Default suite" finished-at="2024-06-05T11:22:43 IST" duration-ms="24360">
    <groups>
    </groups>
    <test started-at="2024-06-05T11:22:19 IST" name="Default test" finished-at="2024-06-05T11:22:43 IST" duration-ms="24360">
      <class name="com.comcast.crm.orgtest.CreateOrganizationTest">
        <test-method signature="TC01()[pri:0, instance:com.comcast.crm.orgtest.CreateOrganizationTest@6aba2b86]" started-at="2024-06-05T11:22:19 IST" name="TC01" finished-at="2024-06-05T11:22:43 IST" duration-ms="24306" status="PASS">
          <reporter-output>
            <line>
              <![CDATA[facebook_1299is displayed===pass]]>
            </line>
            <line>
              <![CDATA[facebook_1299is displayed in info===pass]]>
            </line>
          </reporter-output>
        </test-method> <!-- TC01 -->
      </class> <!-- com.comcast.crm.orgtest.CreateOrganizationTest -->
    </test> <!-- Default test -->
  </suite> <!-- Default suite -->
</testng-results>
